Build started 3/26/2018 7:33:43 PM.
     1>Project "C:\Users\micki32\Documents\Visual Studio 2010\Projects\lastComp\lastComp\lastComp.vcxproj" on node 2 (build target(s)).
     1>InitializeBuildStatus:
         Creating "Debug\lastComp.unsuccessfulbuild" because "AlwaysCreate" was specified.
       ClCompile:
         c:\Program Files (x86)\Microsoft Visual Studio 10.0\VC\bin\CL.exe /c /ZI /nologo /W3 /WX- /Od /Oy- /D WIN32 /D _DEBUG /D _CONSOLE /D _UNICODE /D UNICODE /Gm /EHsc /RTC1 /MDd /GS /fp:precise /Zc:wchar_t /Zc:forScope /Fo"Debug\\" /Fd"Debug\vc100.pdb" /Gd /TC /analyze- /errorReport:prompt lex.yy.c
         lex.yy.c
     1>c:\flex\flexskel.cc(606): warning C4013: 'exit' undefined; assuming extern returning int
     1>c:\flex\flexskel.cc(664): warning C4013: 'read' undefined; assuming extern returning int
     1>c:\flex\flexskel.cc(664): warning C4996: 'fileno': The POSIX name for this item is deprecated. Instead, use the ISO C++ conformant name: _fileno. See online help for details.
                 c:\program files (x86)\microsoft visual studio 10.0\vc\include\stdio.h(723) : see declaration of 'fileno'
     1>c:\flex\flexskel.cc(974): warning C4013: 'malloc' undefined; assuming extern returning int
     1>c:\flex\flexskel.cc(1010): warning C4013: 'free' undefined; assuming extern returning int
     1>text.txt(38): warning C4996: 'fopen': This function or variable may be unsafe. Consider using fopen_s instead. To disable deprecation, use _CRT_SECURE_NO_WARNINGS. See online help for details.
                 c:\program files (x86)\microsoft visual studio 10.0\vc\include\stdio.h(234) : see declaration of 'fopen'
     1>text.txt(39): warning C4996: 'fopen': This function or variable may be unsafe. Consider using fopen_s instead. To disable deprecation, use _CRT_SECURE_NO_WARNINGS. See online help for details.
                 c:\program files (x86)\microsoft visual studio 10.0\vc\include\stdio.h(234) : see declaration of 'fopen'
       ManifestResourceCompile:
         All outputs are up-to-date.
       Link:
         c:\Program Files (x86)\Microsoft Visual Studio 10.0\VC\bin\link.exe /ERRORREPORT:PROMPT /OUT:"C:\Users\micki32\Documents\Visual Studio 2010\Projects\lastComp\Debug\lastComp.exe" /INCREMENTAL /NOLOGO kernel32.lib user32.lib gdi32.lib winspool.lib comdlg32.lib advapi32.lib shell32.lib ole32.lib oleaut32.lib uuid.lib odbc32.lib odbccp32.lib /MANIFEST /ManifestFile:"Debug\lastComp.exe.intermediate.manifest" /MANIFESTUAC:"level='asInvoker' uiAccess='false'" /DEBUG /PDB:"C:\Users\micki32\Documents\Visual Studio 2010\Projects\lastComp\Debug\lastComp.pdb" /SUBSYSTEM:CONSOLE /TLBID:1 /DYNAMICBASE /NXCOMPAT /IMPLIB:"C:\Users\micki32\Documents\Visual Studio 2010\Projects\lastComp\Debug\lastComp.lib" /MACHINE:X86 Debug\lastComp.exe.embed.manifest.res
         Debug\lex.yy.obj
         Debug\Token.obj
       Manifest:
         c:\Program Files (x86)\Microsoft SDKs\Windows\v7.0A\bin\mt.exe /nologo /verbose /out:"Debug\lastComp.exe.embed.manifest" /manifest Debug\lastComp.exe.intermediate.manifest
         All outputs are up-to-date.
       LinkEmbedManifest:
         All outputs are up-to-date.
         lastComp.vcxproj -> C:\Users\micki32\Documents\Visual Studio 2010\Projects\lastComp\Debug\lastComp.exe
       FinalizeBuildStatus:
         Deleting file "Debug\lastComp.unsuccessfulbuild".
         Touching "Debug\lastComp.lastbuildstate".
     1>Done Building Project "C:\Users\micki32\Documents\Visual Studio 2010\Projects\lastComp\lastComp\lastComp.vcxproj" (build target(s)).

Build succeeded.

Time Elapsed 00:00:02.61
